+ export TEXTDOMAIN=steam
+ TEXTDOMAIN=steam
+ export TEXTDOMAINDIR=/usr/share/locale
+ TEXTDOMAINDIR=/usr/share/locale
+ ARCHIVE_EXT=tar.xz
+ log_opened=
+++ dirname /home/jonkoi/.local/share/Steam/steam.sh
++ cd /home/jonkoi/.local/share/Steam
++ echo /home/jonkoi/.local/share/Steam
+ STEAMROOT=/home/jonkoi/.local/share/Steam
+ '[' -z /home/jonkoi/.local/share/Steam ']'
+ STEAMDATA=/home/jonkoi/.local/share/Steam
+ '[' -z ']'
++ basename /home/jonkoi/.local/share/Steam/steam.sh .sh
+ STEAMEXE=steam
+ '[' steam = steamcmd ']'
+ cd /home/jonkoi/.local/share/Steam
+ export SYSTEM_PATH=/run/wrappers/bin:/usr/bin:/usr/sbin:/nix/store/fr0iq29kzi7k7gxwvd7p1wix6xcn4s85-kitty-0.34.1/bin:/nix/store/nq7v8f80vckdw9dm6hrzalxpzjzlzab3-imagemagick-7.1.1-32/bin:/nix/store/2nj2qa56cnq6shqskd9ixipc01s302wb-ncurses-6.4-dev/bin:/run/wrappers/bin:/home/jonkoi/.nix-profile/bin:/nix/profile/bin:/home/jonkoi/.local/state/nix/profile/bin:/etc/profiles/per-user/jonkoi/bin:/nix/var/nix/profiles/default/bin:/run/current-system/sw/bin:/nix/store/m3gq2f6iwh3g67zrs27m7w82b37l8gf8-binutils-wrapper-2.41/bin:/nix/store/a4qsjxipd9jgjdy89fggzq9nlkf2m8jq-pciutils-3.12.0/bin:/nix/store/q73fmkqv1hd8zkgm3k0ppwg6n4malm76-pkgconf-wrapper-2.1.1/bin
+ SYSTEM_PATH=/run/wrappers/bin:/usr/bin:/usr/sbin:/nix/store/fr0iq29kzi7k7gxwvd7p1wix6xcn4s85-kitty-0.34.1/bin:/nix/store/nq7v8f80vckdw9dm6hrzalxpzjzlzab3-imagemagick-7.1.1-32/bin:/nix/store/2nj2qa56cnq6shqskd9ixipc01s302wb-ncurses-6.4-dev/bin:/run/wrappers/bin:/home/jonkoi/.nix-profile/bin:/nix/profile/bin:/home/jonkoi/.local/state/nix/profile/bin:/etc/profiles/per-user/jonkoi/bin:/nix/var/nix/profiles/default/bin:/run/current-system/sw/bin:/nix/store/m3gq2f6iwh3g67zrs27m7w82b37l8gf8-binutils-wrapper-2.41/bin:/nix/store/a4qsjxipd9jgjdy89fggzq9nlkf2m8jq-pciutils-3.12.0/bin:/nix/store/q73fmkqv1hd8zkgm3k0ppwg6n4malm76-pkgconf-wrapper-2.1.1/bin
+ export SYSTEM_LD_LIBRARY_PATH=/lib64:/lib32:/steamrt/amd64/lib/x86_64-linux-gnu:/steamrt/amd64/lib:/steamrt/amd64/usr/lib/x86_64-linux-gnu:/steamrt/amd64/usr/lib:/steamrt/i386/lib/i386-linux-gnu:/steamrt/i386/lib:/steamrt/i386/usr/lib/i386-linux-gnu:/steamrt/i386/usr/lib:/run/opengl-driver/lib:/run/opengl-driver-32/lib:/etc/sane-libs
+ SYSTEM_LD_LIBRARY_PATH=/lib64:/lib32:/steamrt/amd64/lib/x86_64-linux-gnu:/steamrt/amd64/lib:/steamrt/amd64/usr/lib/x86_64-linux-gnu:/steamrt/amd64/usr/lib:/steamrt/i386/lib/i386-linux-gnu:/steamrt/i386/lib:/steamrt/i386/usr/lib/i386-linux-gnu:/steamrt/i386/usr/lib:/run/opengl-driver/lib:/run/opengl-driver-32/lib:/etc/sane-libs
++ which zenity
+ export SYSTEM_ZENITY=/usr/bin/zenity
+ SYSTEM_ZENITY=/usr/bin/zenity
+ '[' -z /usr/bin/zenity ']'
+ export STEAM_ZENITY=/usr/bin/zenity
+ STEAM_ZENITY=/usr/bin/zenity
++ uname
+ UNAME=Linux
+ '[' Linux '!=' Linux ']'
++ detect_platform
++ platform=ubuntu12_32
++ case "$(detect_distro)-$(detect_release)" in
+++ detect_distro
+++ '[' -f /etc/lsb-release ']'
+++ '[' -f /etc/os-release ']'
+++ . /etc/os-release
++++ ANSI_COLOR='1;34'
++++ BUG_REPORT_URL=https://github.com/NixOS/nixpkgs/issues
++++ BUILD_ID=24.05.20240519.6c0b7a9
++++ DOCUMENTATION_URL=https://nixos.org/learn.html
++++ HOME_URL=https://nixos.org/
++++ ID=nixos
++++ IMAGE_ID=
++++ IMAGE_VERSION=
++++ LOGO=nix-snowflake
++++ NAME=NixOS
++++ PRETTY_NAME='NixOS 24.05 (Uakari)'
++++ SUPPORT_URL=https://nixos.org/community.html
++++ VERSION='24.05 (Uakari)'
++++ VERSION_CODENAME=uakari
++++ VERSION_ID=24.05
+++ echo nixos
+++ tr '[A-Z]' '[a-z]'
+++ detect_release
+++ '[' -f /etc/lsb-release ']'
+++ '[' -f /etc/os-release ']'
+++ . /etc/os-release
++++ ANSI_COLOR='1;34'
++++ BUG_REPORT_URL=https://github.com/NixOS/nixpkgs/issues
++++ BUILD_ID=24.05.20240519.6c0b7a9
++++ DOCUMENTATION_URL=https://nixos.org/learn.html
++++ HOME_URL=https://nixos.org/
++++ ID=nixos
++++ IMAGE_ID=
++++ IMAGE_VERSION=
++++ LOGO=nix-snowflake
++++ NAME=NixOS
++++ PRETTY_NAME='NixOS 24.05 (Uakari)'
++++ SUPPORT_URL=https://nixos.org/community.html
++++ VERSION='24.05 (Uakari)'
++++ VERSION_CODENAME=uakari
++++ VERSION_ID=24.05
+++ echo 24.05
++ echo ubuntu12_32
+ PLATFORM=ubuntu12_32
++ echo ubuntu12_32
++ grep 32
+ PLATFORM32=ubuntu12_32
++ echo ubuntu12_32
++ grep 64
++ true
+ PLATFORM64=
+ '[' -z ubuntu12_32 ']'
+ '[' -z '' ']'
++ echo ubuntu12_32
++ sed s/32/64/
+ PLATFORM64=ubuntu12_64
+ STEAMEXEPATH=ubuntu12_32/steam
+ STEAMCONFIG=/home/jonkoi/.steam
+ PIDFILE=/home/jonkoi/.steam/steam.pid
+ STEAMBIN32LINK=/home/jonkoi/.steam/bin32
+ STEAMBIN64LINK=/home/jonkoi/.steam/bin64
+ STEAMSDK32LINK=/home/jonkoi/.steam/sdk32
+ STEAMSDK64LINK=/home/jonkoi/.steam/sdk64
+ STEAMROOTLINK=/home/jonkoi/.steam/root
++ detect_steamdatalink
++ '[' -f /home/jonkoi/.local/share/Steam/steam_dev.cfg ']'
+++ detect_package
+++ case `detect_universe` in
++++ detect_universe
++++ test -f /home/jonkoi/.local/share/Steam/Steam.cfg
++++ test -f /home/jonkoi/.local/share/Steam/steam.cfg
++++ STEAMUNIVERSE=Public
++++ echo Public
+++ STEAMPACKAGE=steam
+++ echo steam
++ STEAMDATALINK=/home/jonkoi/.steam/steam
++ echo /home/jonkoi/.steam/steam
+ STEAMDATALINK=/home/jonkoi/.steam/steam
+ STEAMSTARTING=/home/jonkoi/.steam/starting
+ : ''
+ steamos_arg
+ return 1
+ '[' '!' -f /home/jonkoi/.steam/steam.pid ']'
++ cat /home/jonkoi/.steam/steam.pid
+ kill -0 18372
+ INITIAL_LAUNCH=true
+ '[' '' = --reset ']'
+ '[' true ']'
+ '[' -z /usr/bin/steam ']'
+ '[' -z '' ']'
++ dirname /usr/bin/steam
++ detect_package
++ case `detect_universe` in
+++ detect_universe
+++ test -f /home/jonkoi/.local/share/Steam/Steam.cfg
+++ test -f /home/jonkoi/.local/share/Steam/steam.cfg
+++ STEAMUNIVERSE=Public
+++ echo Public
++ STEAMPACKAGE=steam
++ echo steam
+ STEAMDEPS=/usr/bin/steamdeps
+ '[' -f /usr/bin/steamdeps -a -f /home/jonkoi/.local/share/Steam/steamdeps.txt ']'
+ '[' '!' -e /home/jonkoi/.steam ']'
+ '[' /home/jonkoi/.local/share/Steam '!=' /home/jonkoi/.steam/root -a /home/jonkoi/.local/share/Steam '!=' /home/jonkoi/.steam/steam ']'
+ rm -f /home/jonkoi/.steam/bin32
+ ln -s /home/jonkoi/.local/share/Steam/ubuntu12_32 /home/jonkoi/.steam/bin32
+ rm -f /home/jonkoi/.steam/bin64
+ ln -s /home/jonkoi/.local/share/Steam/ubuntu12_64 /home/jonkoi/.steam/bin64
+ rm -f /home/jonkoi/.steam/sdk32
+ ln -s /home/jonkoi/.local/share/Steam/linux32 /home/jonkoi/.steam/sdk32
+ rm -f /home/jonkoi/.steam/sdk64
+ ln -s /home/jonkoi/.local/share/Steam/linux64 /home/jonkoi/.steam/sdk64
+ rm -f /home/jonkoi/.steam/root
+ ln -s /home/jonkoi/.local/share/Steam /home/jonkoi/.steam/root
+ '[' /home/jonkoi/.steam/steam ']'
+ rm -f /home/jonkoi/.steam/steam
+ ln -s /home/jonkoi/.local/share/Steam /home/jonkoi/.steam/steam
+ rm -f /home/jonkoi/.steampath
+ ln -s /home/jonkoi/.steam/sdk32/steam /home/jonkoi/.steampath
+ rm -f /home/jonkoi/.steampid
+ ln -s /home/jonkoi/.steam/steam.pid /home/jonkoi/.steampid
+ rm -f /home/jonkoi/.steam/bin
+ ln -s /home/jonkoi/.steam/bin32 /home/jonkoi/.steam/bin
++ distro_description
+++ detect_distro
+++ '[' -f /etc/lsb-release ']'
+++ '[' -f /etc/os-release ']'
+++ . /etc/os-release
++++ ANSI_COLOR='1;34'
++++ BUG_REPORT_URL=https://github.com/NixOS/nixpkgs/issues
++++ BUILD_ID=24.05.20240519.6c0b7a9
++++ DOCUMENTATION_URL=https://nixos.org/learn.html
++++ HOME_URL=https://nixos.org/
++++ ID=nixos
++++ IMAGE_ID=
++++ IMAGE_VERSION=
++++ LOGO=nix-snowflake
++++ NAME=NixOS
++++ PRETTY_NAME='NixOS 24.05 (Uakari)'
++++ SUPPORT_URL=https://nixos.org/community.html
++++ VERSION='24.05 (Uakari)'
++++ VERSION_CODENAME=uakari
++++ VERSION_ID=24.05
+++ echo nixos
+++ tr '[A-Z]' '[a-z]'
+++ detect_release
+++ '[' -f /etc/lsb-release ']'
+++ '[' -f /etc/os-release ']'
+++ . /etc/os-release
++++ ANSI_COLOR='1;34'
++++ BUG_REPORT_URL=https://github.com/NixOS/nixpkgs/issues
++++ BUILD_ID=24.05.20240519.6c0b7a9
++++ DOCUMENTATION_URL=https://nixos.org/learn.html
++++ HOME_URL=https://nixos.org/
++++ ID=nixos
++++ IMAGE_ID=
++++ IMAGE_VERSION=
++++ LOGO=nix-snowflake
++++ NAME=NixOS
++++ PRETTY_NAME='NixOS 24.05 (Uakari)'
++++ SUPPORT_URL=https://nixos.org/community.html
++++ VERSION='24.05 (Uakari)'
++++ VERSION_CODENAME=uakari
++++ VERSION_ID=24.05
+++ echo 24.05
+++ detect_arch
+++ case $(uname -m) in
++++ uname -m
+++ echo 64-bit
++ echo 'nixos 24.05 64-bit'
+ log 'Running Steam on nixos 24.05 64-bit'
+ echo 'steam.sh[28699]: Running Steam on nixos 24.05 64-bit'
steam.sh[28699]: Running Steam on nixos 24.05 64-bit
+ : ''
+ '[' '' = debug ']'
+ '[' '' = 1 ']'
+ '[' '' = 0 ']'
+ '[' -z '' ']'
+ runtime_supported
+ case "$(detect_distro)-$(detect_release)" in
++ detect_distro
++ '[' -f /etc/lsb-release ']'
++ '[' -f /etc/os-release ']'
++ . /etc/os-release
+++ ANSI_COLOR='1;34'
+++ BUG_REPORT_URL=https://github.com/NixOS/nixpkgs/issues
+++ BUILD_ID=24.05.20240519.6c0b7a9
+++ DOCUMENTATION_URL=https://nixos.org/learn.html
+++ HOME_URL=https://nixos.org/
+++ ID=nixos
+++ IMAGE_ID=
+++ IMAGE_VERSION=
+++ LOGO=nix-snowflake
+++ NAME=NixOS
+++ PRETTY_NAME='NixOS 24.05 (Uakari)'
+++ SUPPORT_URL=https://nixos.org/community.html
+++ VERSION='24.05 (Uakari)'
+++ VERSION_CODENAME=uakari
+++ VERSION_ID=24.05
++ echo nixos
++ tr '[A-Z]' '[a-z]'
++ detect_release
++ '[' -f /etc/lsb-release ']'
++ '[' -f /etc/os-release ']'
++ . /etc/os-release
+++ ANSI_COLOR='1;34'
+++ BUG_REPORT_URL=https://github.com/NixOS/nixpkgs/issues
+++ BUILD_ID=24.05.20240519.6c0b7a9
+++ DOCUMENTATION_URL=https://nixos.org/learn.html
+++ HOME_URL=https://nixos.org/
+++ ID=nixos
+++ IMAGE_ID=
+++ IMAGE_VERSION=
+++ LOGO=nix-snowflake
+++ NAME=NixOS
+++ PRETTY_NAME='NixOS 24.05 (Uakari)'
+++ SUPPORT_URL=https://nixos.org/community.html
+++ VERSION='24.05 (Uakari)'
+++ VERSION_CODENAME=uakari
+++ VERSION_ID=24.05
++ echo 24.05
+ return 0
+ log 'STEAM_RUNTIME is enabled automatically'
+ echo 'steam.sh[28699]: STEAM_RUNTIME is enabled automatically'
steam.sh[28699]: STEAM_RUNTIME is enabled automatically
+ export STEAM_RUNTIME=/home/jonkoi/.local/share/Steam/ubuntu12_32/steam-runtime
+ STEAM_RUNTIME=/home/jonkoi/.local/share/Steam/ubuntu12_32/steam-runtime
+ '[' /home/jonkoi/.local/share/Steam/ubuntu12_32/steam-runtime -a /home/jonkoi/.local/share/Steam/ubuntu12_32/steam-runtime '!=' 0 ']'
+ unpack_runtime
+ has_runtime_archive
+ '[' '!' -f /home/jonkoi/.local/share/Steam/ubuntu12_32/steam-runtime.tar.xz ']'
+ '[' '!' -f /home/jonkoi/.local/share/Steam/ubuntu12_32/steam-runtime.tar.xz.checksum ']'
+ return 0
+ '[' -f /home/jonkoi/.local/share/Steam/ubuntu12_32/steam-runtime/checksum ']'
+ [[ 4d82b9eb4505466dea6e24932e3c9cd5  steam-runtime.tar.xz = 4d82b9eb4505466dea6e24932e3c9cd5  steam-runtime.tar.xz ]]
+ check_pins /home/jonkoi/.local/share/Steam/ubuntu12_32/steam-runtime
++ realpath /home/jonkoi/.local/share/Steam/ubuntu12_32/steam-runtime
+ steam_runtime_path=/home/jonkoi/.local/share/Steam/ubuntu12_32/steam-runtime
+ [[ ! -d /home/jonkoi/.local/share/Steam/ubuntu12_32/steam-runtime ]]
+ '[' '!' -x /home/jonkoi/.local/share/Steam/ubuntu12_32/steam-runtime/setup.sh ']'
+ /home/jonkoi/.local/share/Steam/ubuntu12_32/steam-runtime/setup.sh
setup.sh[28777]: Steam runtime environment up-to-date!
+ return 0
+ return 0
+ '[' '!' -x /home/jonkoi/.local/share/Steam/ubuntu12_32/steam-runtime/setup.sh ']'
++ /home/jonkoi/.local/share/Steam/ubuntu12_32/steam-runtime/setup.sh --print-bin-path
+ export PATH=/home/jonkoi/.local/share/Steam/ubuntu12_32/steam-runtime/amd64/bin:/home/jonkoi/.local/share/Steam/ubuntu12_32/steam-runtime/amd64/usr/bin:/home/jonkoi/.local/share/Steam/ubuntu12_32/steam-runtime/usr/bin:/run/wrappers/bin:/usr/bin:/usr/sbin:/nix/store/fr0iq29kzi7k7gxwvd7p1wix6xcn4s85-kitty-0.34.1/bin:/nix/store/nq7v8f80vckdw9dm6hrzalxpzjzlzab3-imagemagick-7.1.1-32/bin:/nix/store/2nj2qa56cnq6shqskd9ixipc01s302wb-ncurses-6.4-dev/bin:/run/wrappers/bin:/home/jonkoi/.nix-profile/bin:/nix/profile/bin:/home/jonkoi/.local/state/nix/profile/bin:/etc/profiles/per-user/jonkoi/bin:/nix/var/nix/profiles/default/bin:/run/current-system/sw/bin:/nix/store/m3gq2f6iwh3g67zrs27m7w82b37l8gf8-binutils-wrapper-2.41/bin:/nix/store/a4qsjxipd9jgjdy89fggzq9nlkf2m8jq-pciutils-3.12.0/bin:/nix/store/q73fmkqv1hd8zkgm3k0ppwg6n4malm76-pkgconf-wrapper-2.1.1/bin
+ PATH=/home/jonkoi/.local/share/Steam/ubuntu12_32/steam-runtime/amd64/bin:/home/jonkoi/.local/share/Steam/ubuntu12_32/steam-runtime/amd64/usr/bin:/home/jonkoi/.local/share/Steam/ubuntu12_32/steam-runtime/usr/bin:/run/wrappers/bin:/usr/bin:/usr/sbin:/nix/store/fr0iq29kzi7k7gxwvd7p1wix6xcn4s85-kitty-0.34.1/bin:/nix/store/nq7v8f80vckdw9dm6hrzalxpzjzlzab3-imagemagick-7.1.1-32/bin:/nix/store/2nj2qa56cnq6shqskd9ixipc01s302wb-ncurses-6.4-dev/bin:/run/wrappers/bin:/home/jonkoi/.nix-profile/bin:/nix/profile/bin:/home/jonkoi/.local/state/nix/profile/bin:/etc/profiles/per-user/jonkoi/bin:/nix/var/nix/profiles/default/bin:/run/current-system/sw/bin:/nix/store/m3gq2f6iwh3g67zrs27m7w82b37l8gf8-binutils-wrapper-2.41/bin:/nix/store/a4qsjxipd9jgjdy89fggzq9nlkf2m8jq-pciutils-3.12.0/bin:/nix/store/q73fmkqv1hd8zkgm3k0ppwg6n4malm76-pkgconf-wrapper-2.1.1/bin
+ '[' '!' -x /home/jonkoi/.local/share/Steam/ubuntu12_32/steam-runtime/run.sh ']'
++ /home/jonkoi/.local/share/Steam/ubuntu12_32/steam-runtime/run.sh --print-steam-runtime-library-paths
+ export STEAM_RUNTIME_LIBRARY_PATH=/home/jonkoi/.local/share/Steam/ubuntu12_32/steam-runtime/pinned_libs_32:/home/jonkoi/.local/share/Steam/ubuntu12_32/steam-runtime/pinned_libs_64:/lib64:/lib32:/steamrt/amd64/lib/x86_64-linux-gnu:/steamrt/amd64/lib:/steamrt/amd64/usr/lib/x86_64-linux-gnu:/steamrt/amd64/usr/lib:/steamrt/i386/lib/i386-linux-gnu:/steamrt/i386/lib:/steamrt/i386/usr/lib/i386-linux-gnu:/steamrt/i386/usr/lib:/run/opengl-driver/lib:/run/opengl-driver-32/lib:/etc/sane-libs:/lib:/lib32:/run/opengl-driver/lib:/run/opengl-driver-32/lib:/nix/store/apab5i73dqa09wx0q27b6fbhd1r18ihl-glibc-2.39-31/lib:/home/jonkoi/.local/share/Steam/ubuntu12_32/steam-runtime/lib/i386-linux-gnu:/home/jonkoi/.local/share/Steam/ubuntu12_32/steam-runtime/usr/lib/i386-linux-gnu:/home/jonkoi/.local/share/Steam/ubuntu12_32/steam-runtime/lib/x86_64-linux-gnu:/home/jonkoi/.local/share/Steam/ubuntu12_32/steam-runtime/usr/lib/x86_64-linux-gnu:/home/jonkoi/.local/share/Steam/ubuntu12_32/steam-runtime/lib:/home/jonkoi/.local/share/Steam/ubuntu12_32/steam-runtime/usr/lib
+ STEAM_RUNTIME_LIBRARY_PATH=/home/jonkoi/.local/share/Steam/ubuntu12_32/steam-runtime/pinned_libs_32:/home/jonkoi/.local/share/Steam/ubuntu12_32/steam-runtime/pinned_libs_64:/lib64:/lib32:/steamrt/amd64/lib/x86_64-linux-gnu:/steamrt/amd64/lib:/steamrt/amd64/usr/lib/x86_64-linux-gnu:/steamrt/amd64/usr/lib:/steamrt/i386/lib/i386-linux-gnu:/steamrt/i386/lib:/steamrt/i386/usr/lib/i386-linux-gnu:/steamrt/i386/usr/lib:/run/opengl-driver/lib:/run/opengl-driver-32/lib:/etc/sane-libs:/lib:/lib32:/run/opengl-driver/lib:/run/opengl-driver-32/lib:/nix/store/apab5i73dqa09wx0q27b6fbhd1r18ihl-glibc-2.39-31/lib:/home/jonkoi/.local/share/Steam/ubuntu12_32/steam-runtime/lib/i386-linux-gnu:/home/jonkoi/.local/share/Steam/ubuntu12_32/steam-runtime/usr/lib/i386-linux-gnu:/home/jonkoi/.local/share/Steam/ubuntu12_32/steam-runtime/lib/x86_64-linux-gnu:/home/jonkoi/.local/share/Steam/ubuntu12_32/steam-runtime/usr/lib/x86_64-linux-gnu:/home/jonkoi/.local/share/Steam/ubuntu12_32/steam-runtime/lib:/home/jonkoi/.local/share/Steam/ubuntu12_32/steam-runtime/usr/lib
+ export LD_LIBRARY_PATH=/home/jonkoi/.local/share/Steam/ubuntu12_32/steam-runtime/pinned_libs_32:/home/jonkoi/.local/share/Steam/ubuntu12_32/steam-runtime/pinned_libs_64:/lib64:/lib32:/steamrt/amd64/lib/x86_64-linux-gnu:/steamrt/amd64/lib:/steamrt/amd64/usr/lib/x86_64-linux-gnu:/steamrt/amd64/usr/lib:/steamrt/i386/lib/i386-linux-gnu:/steamrt/i386/lib:/steamrt/i386/usr/lib/i386-linux-gnu:/steamrt/i386/usr/lib:/run/opengl-driver/lib:/run/opengl-driver-32/lib:/etc/sane-libs:/lib:/lib32:/run/opengl-driver/lib:/run/opengl-driver-32/lib:/nix/store/apab5i73dqa09wx0q27b6fbhd1r18ihl-glibc-2.39-31/lib:/home/jonkoi/.local/share/Steam/ubuntu12_32/steam-runtime/lib/i386-linux-gnu:/home/jonkoi/.local/share/Steam/ubuntu12_32/steam-runtime/usr/lib/i386-linux-gnu:/home/jonkoi/.local/share/Steam/ubuntu12_32/steam-runtime/lib/x86_64-linux-gnu:/home/jonkoi/.local/share/Steam/ubuntu12_32/steam-runtime/usr/lib/x86_64-linux-gnu:/home/jonkoi/.local/share/Steam/ubuntu12_32/steam-runtime/lib:/home/jonkoi/.local/share/Steam/ubuntu12_32/steam-runtime/usr/lib
+ LD_LIBRARY_PATH=/home/jonkoi/.local/share/Steam/ubuntu12_32/steam-runtime/pinned_libs_32:/home/jonkoi/.local/share/Steam/ubuntu12_32/steam-runtime/pinned_libs_64:/lib64:/lib32:/steamrt/amd64/lib/x86_64-linux-gnu:/steamrt/amd64/lib:/steamrt/amd64/usr/lib/x86_64-linux-gnu:/steamrt/amd64/usr/lib:/steamrt/i386/lib/i386-linux-gnu:/steamrt/i386/lib:/steamrt/i386/usr/lib/i386-linux-gnu:/steamrt/i386/usr/lib:/run/opengl-driver/lib:/run/opengl-driver-32/lib:/etc/sane-libs:/lib:/lib32:/run/opengl-driver/lib:/run/opengl-driver-32/lib:/nix/store/apab5i73dqa09wx0q27b6fbhd1r18ihl-glibc-2.39-31/lib:/home/jonkoi/.local/share/Steam/ubuntu12_32/steam-runtime/lib/i386-linux-gnu:/home/jonkoi/.local/share/Steam/ubuntu12_32/steam-runtime/usr/lib/i386-linux-gnu:/home/jonkoi/.local/share/Steam/ubuntu12_32/steam-runtime/lib/x86_64-linux-gnu:/home/jonkoi/.local/share/Steam/ubuntu12_32/steam-runtime/usr/lib/x86_64-linux-gnu:/home/jonkoi/.local/share/Steam/ubuntu12_32/steam-runtime/lib:/home/jonkoi/.local/share/Steam/ubuntu12_32/steam-runtime/usr/lib
+ logger=/home/jonkoi/.local/share/Steam/ubuntu12_32/steam-runtime/amd64/usr/bin/srt-logger
+ '[' '' = --run ']'
+ maybe_open_log /home/jonkoi/.local/share/Steam/ubuntu12_32/steam-runtime /home/jonkoi/.steam/steam ''
+ local srt=/home/jonkoi/.local/share/Steam/ubuntu12_32/steam-runtime
+ local data=/home/jonkoi/.steam/steam
+ local argv=
+ case " $argv " in
+ '[' -n '' ']'
+ '[' '' = 0 ']'
+ local logger=/home/jonkoi/.local/share/Steam/ubuntu12_32/steam-runtime/amd64/usr/bin/srt-logger
+ '[' -x /home/jonkoi/.local/share/Steam/ubuntu12_32/steam-runtime/amd64/usr/bin/srt-logger ']'
+ mkdir -p /home/jonkoi/.steam/steam/logs
+ '[' -z '' ']'
+ '[' -t 2 ']'
+ export SRT_LOG_TERMINAL=
+ SRT_LOG_TERMINAL=
+ exec
++ exec /home/jonkoi/.local/share/Steam/ubuntu12_32/steam-runtime/amd64/usr/bin/srt-logger --exec-fallback --filename=console-linux.txt -t steam
